--- Copying files at Tue Jan  3 17:10:40 KST 2023
INSTALLED plugins/favorite.jpi : 2.4.1
INSTALLED plugins/blueocean-personalization.jpi : 1.26.0
INSTALLED plugins/blueocean-i18n.jpi : 1.26.0
INSTALLED plugins/jakarta-mail-api.jpi : 2.0.1-2
INSTALLED plugins/blueocean-rest.jpi : 1.26.0
INSTALLED plugins/echarts-api.jpi : 5.4.0-1
INSTALLED plugins/font-awesome-api.jpi : 6.2.1-1
INSTALLED plugins/cloudbees-folder.jpi : 6.800.v71307ca_b_986b
INSTALLED plugins/pipeline-stage-step.jpi : 296.v5f6908f017a_5
INSTALLED plugins/workflow-cps.jpi : 3583.v4f58de0d78d5
INSTALLED plugins/blueocean-pipeline-api-impl.jpi : 1.26.0
INSTALLED plugins/blueocean-web.jpi : 1.26.0
INSTALLED plugins/git-client.jpi : 4.0.0
INSTALLED plugins/javax-activation-api.jpi : 1.2.0-5
INSTALLED plugins/blueocean-events.jpi : 1.26.0
INSTALLED plugins/caffeine-api.jpi : 2.9.3-65.v6a_47d0f4d1fe
INSTALLED plugins/workflow-support.jpi : 839.v35e2736cfd5c
INSTALLED plugins/blueocean-rest-impl.jpi : 1.26.0
INSTALLED plugins/blueocean-dashboard.jpi : 1.26.0
INSTALLED plugins/display-url-api.jpi : 2.3.7
INSTALLED plugins/workflow-multibranch.jpi : 716.vc692a_e52371b_
INSTALLED plugins/blueocean-pipeline-scm-api.jpi : 1.26.0
INSTALLED plugins/blueocean.jpi : 1.25.2
INSTALLED plugins/blueocean-config.jpi : 1.26.0
INSTALLED plugins/blueocean-autofavorite.jpi : 1.2.5
INSTALLED plugins/trilead-api.jpi : 2.84.v72119de229b_7
INSTALLED plugins/htmlpublisher.jpi : 1.31
INSTALLED plugins/github-api.jpi : 1.303-400.v35c2d8258028
INSTALLED plugins/matrix-project.jpi : 785.v06b_7f47b_c631
INSTALLED plugins/plain-credentials.jpi : 139.ved2b_9cf7587b
INSTALLED plugins/pipeline-stage-tags-metadata.jpi : 2.2118.v31fd5b_9944b_5
INSTALLED plugins/pipeline-milestone-step.jpi : 101.vd572fef9d926
INSTALLED plugins/variant.jpi : 59.vf075fe829ccb
INSTALLED plugins/blueocean-github-pipeline.jpi : 1.26.0
INSTALLED plugins/workflow-step-api.jpi : 639.v6eca_cd8c04a_a_
INSTALLED plugins/commons-text-api.jpi : 1.10.0-27.vb_fa_3896786a_7
INSTALLED plugins/blueocean-pipeline-editor.jpi : 1.26.0
INSTALLED plugins/jaxb.jpi : 2.3.7-1
INSTALLED plugins/workflow-api.jpi : 1200.v8005c684b_a_c6
INSTALLED plugins/bootstrap5-api.jpi : 5.2.1-3
INSTALLED plugins/jjwt-api.jpi : 0.11.5-77.v646c772fddb_0
INSTALLED plugins/snakeyaml-api.jpi : 1.33-90.v80dcb_3814d35
INSTALLED plugins/junit.jpi : 1166.va_436e268e972
INSTALLED plugins/apache-httpcomponents-client-4-api.jpi : 4.5.13-138.v4e7d9a_7b_a_e61
INSTALLED plugins/docker-commons.jpi : 1.21
INSTALLED plugins/jquery3-api.jpi : 3.6.1-2
INSTALLED plugins/popper2-api.jpi : 2.11.6-2
INSTALLED plugins/github-branch-source.jpi : 1696.v3a_7603564d04
INSTALLED plugins/docker-workflow.jpi : 1.27
INSTALLED plugins/sse-gateway.jpi : 1.26
INSTALLED plugins/commons-lang3-api.jpi : 3.12.0-36.vd97de6465d5b_
INSTALLED plugins/blueocean-core-js.jpi : 1.26.0
INSTALLED plugins/authentication-tokens.jpi : 1.4
INSTALLED plugins/branch-api.jpi : 2.1051.v9985666b_f6cc
INSTALLED plugins/ssh-credentials.jpi : 305.v8f4381501156
INSTALLED plugins/pipeline-build-step.jpi : 2.18
INSTALLED plugins/bouncycastle-api.jpi : 2.26
INSTALLED plugins/cloudbees-bitbucket-branch-source.jpi : 791.vb_eea_a_476405b
INSTALLED plugins/pipeline-model-extensions.jpi : 2.2118.v31fd5b_9944b_5
INSTALLED plugins/token-macro.jpi : 321.vd7cc1f2a_52c8
INSTALLED plugins/workflow-basic-steps.jpi : 994.vd57e3ca_46d24
INSTALLED plugins/plugin-util-api.jpi : 2.20.0
INSTALLED plugins/durable-task.jpi : 503.v57154d18d478
INSTALLED plugins/ionicons-api.jpi : 31.v4757b_6987003
INSTALLED plugins/handy-uri-templates-2-api.jpi : 2.1.8-22.v77d5b_75e6953
INSTALLED plugins/jsch.jpi : 0.1.55.61.va_e9ee26616e7
INSTALLED plugins/scm-api.jpi : 631.v9143df5b_e4a_a
INSTALLED plugins/credentials.jpi : 1214.v1de940103927
INSTALLED plugins/pipeline-graph-analysis.jpi : 195.v5812d95a_a_2f9
INSTALLED plugins/pipeline-model-api.jpi : 2.2118.v31fd5b_9944b_5
INSTALLED plugins/pipeline-groovy-lib.jpi : 629.vb_5627b_ee2104
INSTALLED plugins/checks-api.jpi : 1.8.1
INSTALLED plugins/structs.jpi : 324.va_f5d6774f3a_d
INSTALLED plugins/blueocean-jwt.jpi : 1.26.0
INSTALLED plugins/jakarta-activation-api.jpi : 2.0.1-2
INSTALLED plugins/credentials-binding.jpi : 523.vd859a_4b_122e6
INSTALLED plugins/okhttp-api.jpi : 4.9.3-108.v0feda04578cf
INSTALLED plugins/jackson2-api.jpi : 2.14.1-313.v504cdd45c18b
INSTALLED plugins/workflow-job.jpi : 1254.v3f64639b_11dd
INSTALLED plugins/ace-editor.jpi : 1.1
INSTALLED plugins/pipeline-input-step.jpi : 466.v6d0a_5df34f81
INSTALLED plugins/github.jpi : 1.36.0
INSTALLED plugins/blueocean-commons.jpi : 1.26.0
INSTALLED plugins/blueocean-bitbucket-pipeline.jpi : 1.26.0
INSTALLED plugins/workflow-durable-task-step.jpi : 1217.v38306d8fa_b_5c
INSTALLED plugins/pipeline-model-definition.jpi : 2.2118.v31fd5b_9944b_5
INSTALLED plugins/mailer.jpi : 438.v02c7f0a_12fa_4
INSTALLED plugins/pubsub-light.jpi : 1.17
INSTALLED plugins/jenkins-design-language.jpi : 1.26.0
INSTALLED plugins/git.jpi : 5.0.0
INSTALLED plugins/blueocean-git-pipeline.jpi : 1.26.0
INSTALLED plugins/instance-identity.jpi : 142.v04572ca_5b_265
INSTALLED plugins/blueocean-display-url.jpi : 2.4.1
INSTALLED plugins/script-security.jpi : 1228.vd93135a_2fb_25
INSTALLED plugins/workflow-scm-step.jpi : 400.v6b_89a_1317c9a_
--- Copying files at Mon Jan 16 00:23:32 KST 2023
--- Copying files at Mon Jan 16 01:12:05 KST 2023
--- Copying files at Mon Jan 16 01:50:22 KST 2023
--- Copying files at Mon Jan 16 02:04:56 KST 2023
--- Copying files at Mon Jan 16 02:11:08 KST 2023
--- Copying files at Tue Jan 17 00:28:08 KST 2023
--- Copying files at Tue Jan 17 17:35:03 KST 2023
--- Copying files at Tue Jan 17 17:42:50 KST 2023
--- Copying files at Tue Jan 17 18:10:33 KST 2023
--- Copying files at Tue Jan 17 18:19:14 KST 2023
--- Copying files at Tue Jan 17 18:23:09 KST 2023
--- Copying files at Tue Jan 17 18:23:29 KST 2023
--- Copying files at Tue Jan 17 18:55:47 KST 2023
--- Copying files at Tue Jan 17 18:58:57 KST 2023
--- Copying files at Tue Jan 17 18:59:43 KST 2023
--- Copying files at Tue Jan 17 19:02:25 KST 2023
--- Copying files at Tue Jan 17 19:05:38 KST 2023
--- Copying files at Tue Jan 17 19:10:54 KST 2023
--- Copying files at Tue Jan 17 19:52:52 KST 2023
--- Copying files at Tue Jan 17 19:56:31 KST 2023
--- Copying files at Tue Jan 17 19:58:02 KST 2023
--- Copying files at Tue Jan 17 19:59:15 KST 2023
--- Copying files at Tue Jan 17 20:00:38 KST 2023
--- Copying files at Tue Jan 17 20:03:58 KST 2023
--- Copying files at Tue Jan 17 20:04:49 KST 2023
--- Copying files at Tue Jan 17 20:09:13 KST 2023
--- Copying files at Tue Jan 17 20:10:58 KST 2023
--- Copying files at Tue Jan 17 20:12:46 KST 2023
--- Copying files at Tue Jan 17 20:15:47 KST 2023
--- Copying files at Tue Jan 17 20:19:51 KST 2023
--- Copying files at Tue Jan 17 20:20:59 KST 2023
--- Copying files at Tue Jan 17 20:26:26 KST 2023
--- Copying files at Tue Jan 17 20:31:19 KST 2023
--- Copying files at Tue Jan 17 20:32:59 KST 2023
--- Copying files at Tue Jan 17 20:37:15 KST 2023
--- Copying files at Tue Jan 17 20:38:22 KST 2023
--- Copying files at Tue Jan 17 20:45:43 KST 2023
--- Copying files at Tue Jan 17 20:46:57 KST 2023
--- Copying files at Tue Jan 17 20:48:58 KST 2023
--- Copying files at Tue Jan 17 20:50:21 KST 2023
--- Copying files at Tue Jan 17 20:51:28 KST 2023
--- Copying files at Tue Jan 17 20:53:04 KST 2023
--- Copying files at Tue Jan 17 20:55:40 KST 2023
--- Copying files at Tue Jan 17 20:58:07 KST 2023
--- Copying files at Tue Jan 17 21:00:33 KST 2023
--- Copying files at Tue Jan 17 21:01:45 KST 2023
--- Copying files at Tue Jan 17 21:03:44 KST 2023
--- Copying files at Tue Jan 17 21:05:37 KST 2023
--- Copying files at Tue Jan 17 21:07:40 KST 2023
--- Copying files at Tue Jan 17 21:08:44 KST 2023
--- Copying files at Tue Jan 17 21:17:38 KST 2023
UPGRADED plugins/blueocean-personalization.jpi : Image version (1.27.0) is newer than installed version (1.26.0)
UPGRADED plugins/blueocean-i18n.jpi : Image version (1.27.0) is newer than installed version (1.26.0)
UPGRADED plugins/blueocean-rest.jpi : Image version (1.27.0) is newer than installed version (1.26.0)
UPGRADED plugins/workflow-cps.jpi : Image version (3601.v9b_36a_d99e1cc) is newer than installed version (3583.v4f58de0d78d5)
UPGRADED plugins/blueocean-pipeline-api-impl.jpi : Image version (1.27.0) is newer than installed version (1.26.0)
UPGRADED plugins/blueocean-web.jpi : Image version (1.27.0) is newer than installed version (1.26.0)
UPGRADED plugins/blueocean-events.jpi : Image version (1.27.0) is newer than installed version (1.26.0)
UPGRADED plugins/blueocean-rest-impl.jpi : Image version (1.27.0) is newer than installed version (1.26.0)
UPGRADED plugins/blueocean-dashboard.jpi : Image version (1.27.0) is newer than installed version (1.26.0)
UPGRADED plugins/blueocean-pipeline-scm-api.jpi : Image version (1.27.0) is newer than installed version (1.26.0)
UPGRADED plugins/blueocean-config.jpi : Image version (1.27.0) is newer than installed version (1.26.0)
UPGRADED plugins/plain-credentials.jpi : Image version (143.v1b_df8b_d3b_e48) is newer than installed version (139.ved2b_9cf7587b)
UPGRADED plugins/blueocean-github-pipeline.jpi : Image version (1.27.0) is newer than installed version (1.26.0)
UPGRADED plugins/blueocean-pipeline-editor.jpi : Image version (1.27.0) is newer than installed version (1.26.0)
UPGRADED plugins/blueocean-core-js.jpi : Image version (1.27.0) is newer than installed version (1.26.0)
UPGRADED plugins/blueocean-jwt.jpi : Image version (1.27.0) is newer than installed version (1.26.0)
UPGRADED plugins/github.jpi : Image version (1.36.1) is newer than installed version (1.36.0)
UPGRADED plugins/blueocean-commons.jpi : Image version (1.27.0) is newer than installed version (1.26.0)
UPGRADED plugins/blueocean-bitbucket-pipeline.jpi : Image version (1.27.0) is newer than installed version (1.26.0)
UPGRADED plugins/jenkins-design-language.jpi : Image version (1.27.0) is newer than installed version (1.26.0)
UPGRADED plugins/blueocean-git-pipeline.jpi : Image version (1.27.0) is newer than installed version (1.26.0)
--- Copying files at Tue Jan 17 21:26:43 KST 2023
--- Copying files at Wed Jan 18 17:35:39 KST 2023
--- Copying files at Wed Jan 18 17:39:14 KST 2023
--- Copying files at Wed Jan 18 17:48:12 KST 2023
--- Copying files at Wed Jan 18 17:51:31 KST 2023
--- Copying files at Wed Jan 18 17:52:44 KST 2023
--- Copying files at Wed Jan 18 17:53:41 KST 2023
--- Copying files at Wed Jan 18 17:55:03 KST 2023
--- Copying files at Wed Jan 18 18:04:45 KST 2023
--- Copying files at Wed Jan 18 18:06:16 KST 2023
--- Copying files at Wed Jan 18 18:10:31 KST 2023
--- Copying files at Thu Jan 19 14:31:13 KST 2023
--- Copying files at Fri Jan 20 13:19:05 KST 2023
--- Copying files at Fri Jan 20 13:46:30 KST 2023
--- Copying files at Fri Jan 20 17:17:47 KST 2023
--- Copying files at Sat Jan 21 09:44:00 KST 2023
--- Copying files at Sat Jan 21 09:48:27 KST 2023
--- Copying files at Sat Jan 21 10:21:49 KST 2023
UPGRADED plugins/blueocean-personalization.jpi : Image version (1.27.1) is newer than installed version (1.27.0)
UPGRADED plugins/blueocean-i18n.jpi : Image version (1.27.1) is newer than installed version (1.27.0)
UPGRADED plugins/blueocean-rest.jpi : Image version (1.27.1) is newer than installed version (1.27.0)
UPGRADED plugins/workflow-cps.jpi : Image version (3606.v0b_d8b_e512dcf) is newer than installed version (3601.v9b_36a_d99e1cc)
UPGRADED plugins/blueocean-pipeline-api-impl.jpi : Image version (1.27.1) is newer than installed version (1.27.0)
UPGRADED plugins/blueocean-web.jpi : Image version (1.27.1) is newer than installed version (1.27.0)
UPGRADED plugins/blueocean-events.jpi : Image version (1.27.1) is newer than installed version (1.27.0)
UPGRADED plugins/blueocean-rest-impl.jpi : Image version (1.27.1) is newer than installed version (1.27.0)
UPGRADED plugins/blueocean-dashboard.jpi : Image version (1.27.1) is newer than installed version (1.27.0)
UPGRADED plugins/blueocean-pipeline-scm-api.jpi : Image version (1.27.1) is newer than installed version (1.27.0)
UPGRADED plugins/blueocean-config.jpi : Image version (1.27.1) is newer than installed version (1.27.0)
UPGRADED plugins/blueocean-github-pipeline.jpi : Image version (1.27.1) is newer than installed version (1.27.0)
UPGRADED plugins/blueocean-pipeline-editor.jpi : Image version (1.27.1) is newer than installed version (1.27.0)
UPGRADED plugins/workflow-api.jpi : Image version (1208.v0cc7c6e0da_9e) is newer than installed version (1200.v8005c684b_a_c6)
UPGRADED plugins/github-branch-source.jpi : Image version (1701.v00cc8184df93) is newer than installed version (1696.v3a_7603564d04)
UPGRADED plugins/blueocean-core-js.jpi : Image version (1.27.1) is newer than installed version (1.27.0)
UPGRADED plugins/branch-api.jpi : Image version (2.1071.v1a_188a_562481) is newer than installed version (2.1051.v9985666b_f6cc)
UPGRADED plugins/bouncycastle-api.jpi : Image version (2.27) is newer than installed version (2.26)
UPGRADED plugins/pipeline-graph-analysis.jpi : Image version (202.va_d268e64deb_3) is newer than installed version (195.v5812d95a_a_2f9)
UPGRADED plugins/blueocean-jwt.jpi : Image version (1.27.1) is newer than installed version (1.27.0)
UPGRADED plugins/workflow-job.jpi : Image version (1268.v6eb_e2ee1a_85a) is newer than installed version (1254.v3f64639b_11dd)
UPGRADED plugins/blueocean-commons.jpi : Image version (1.27.1) is newer than installed version (1.27.0)
UPGRADED plugins/blueocean-bitbucket-pipeline.jpi : Image version (1.27.1) is newer than installed version (1.27.0)
UPGRADED plugins/workflow-durable-task-step.jpi : Image version (1223.v7f1a_98a_8863e) is newer than installed version (1217.v38306d8fa_b_5c)
UPGRADED plugins/jenkins-design-language.jpi : Image version (1.27.1) is newer than installed version (1.27.0)
UPGRADED plugins/blueocean-git-pipeline.jpi : Image version (1.27.1) is newer than installed version (1.27.0)
--- Copying files at Sat Jan 21 10:27:40 KST 2023
--- Copying files at Mon Jan 23 22:34:44 KST 2023
--- Copying files at Mon Jan 23 22:40:06 KST 2023
--- Copying files at Mon Jan 23 22:45:51 KST 2023
--- Copying files at Mon Jan 23 22:51:30 KST 2023
--- Copying files at Mon Jan 23 22:52:53 KST 2023
--- Copying files at Mon Jan 23 22:54:05 KST 2023
--- Copying files at Mon Jan 23 23:00:17 KST 2023
--- Copying files at Mon Jan 23 23:28:17 KST 2023
